<?xml version="1.0" encoding="UTF-8" ?>
<testsuite failures="0" time="0.052" errors="0" skipped="0" tests="8" name="org.typo3.solr.search.AccessFilterWithAccessRootlineTest">
  <properties>
    <property name="java.runtime.name" value="Java(TM) SE Runtime Environment"/>
    <property name="sun.boot.library.path" value="/System/Library/Java/JavaVirtualMachines/1.6.0.jdk/Contents/Libraries"/>
    <property name="java.vm.version" value="20.14-b01-447"/>
    <property name="awt.nativeDoubleBuffering" value="true"/>
    <property name="gopherProxySet" value="false"/>
    <property name="mrj.build" value="11M4203"/>
    <property name="java.vm.vendor" value="Apple Inc."/>
    <property name="java.vendor.url" value="http://www.apple.com/"/>
    <property name="path.separator" value=":"/>
    <property name="java.vm.name" value="Java HotSpot(TM) 64-Bit Server VM"/>
    <property name="file.encoding.pkg" value="sun.io"/>
    <property name="user.country" value="DE"/>
    <property name="sun.java.launcher" value="SUN_STANDARD"/>
    <property name="sun.os.patch.level" value="unknown"/>
    <property name="java.vm.specification.name" value="Java Virtual Machine Specification"/>
    <property name="user.dir" value="/Users/dkd-doan/Workspaces/maven.1350562440826/solr-typo3-plugin/solr-typo3-access"/>
    <property name="java.runtime.version" value="1.6.0_43-b01-447-11M4203"/>
    <property name="java.awt.graphicsenv" value="apple.awt.CGraphicsEnvironment"/>
    <property name="basedir" value="/Users/dkd-doan/Workspaces/maven.1350562440826/solr-typo3-plugin/solr-typo3-access"/>
    <property name="java.endorsed.dirs" value="/System/Library/Java/JavaVirtualMachines/1.6.0.jdk/Contents/Home/lib/endorsed"/>
    <property name="os.arch" value="x86_64"/>
    <property name="surefire.real.class.path" value="/var/folders/h1/mnxfk_717cxb084mbsxkcz8r0000gp/T/surefirebooter2676290661691222801.jar"/>
    <property name="java.io.tmpdir" value="/var/folders/h1/mnxfk_717cxb084mbsxkcz8r0000gp/T/"/>
    <property name="line.separator" value="
"/>
    <property name="java.vm.specification.vendor" value="Sun Microsystems Inc."/>
    <property name="os.name" value="Mac OS X"/>
    <property name="sun.jnu.encoding" value="MacRoman"/>
    <property name="java.library.path" value=".:/Library/Java/Extensions:/System/Library/Java/Extensions:/usr/lib/java"/>
    <property name="surefire.test.class.path" value="/Users/dkd-doan/Workspaces/maven.1350562440826/solr-typo3-plugin/solr-typo3-access/target/test-classes:/Users/dkd-doan/Workspaces/maven.1350562440826/solr-typo3-plugin/solr-typo3-access/target/classes:/Users/dkd-doan/.m2/repository/org/slf4j/slf4j-jdk14/1.6.1/slf4j-jdk14-1.6.1.jar:/Users/dkd-doan/.m2/repository/org/slf4j/slf4j-api/1.6.1/slf4j-api-1.6.1.jar:/Users/dkd-doan/.m2/repository/org/apache/solr/solr-test-framework/3.6.0/solr-test-framework-3.6.0.jar:/Users/dkd-doan/.m2/repository/org/apache/lucene/lucene-test-framework/3.6.0/lucene-test-framework-3.6.0.jar:/Users/dkd-doan/.m2/repository/org/apache/ant/ant-junit/1.7.1/ant-junit-1.7.1.jar:/Users/dkd-doan/.m2/repository/org/apache/ant/ant/1.7.1/ant-1.7.1.jar:/Users/dkd-doan/.m2/repository/org/apache/ant/ant-launcher/1.7.1/ant-launcher-1.7.1.jar:/Users/dkd-doan/.m2/repository/junit/junit/4.10/junit-4.10.jar:/Users/dkd-doan/.m2/repository/org/hamcrest/hamcrest-core/1.1/hamcrest-core-1.1.jar:/Users/dkd-doan/.m2/repository/org/apache/solr/solr-core/3.6.0/solr-core-3.6.0.jar:/Users/dkd-doan/.m2/repository/org/apache/solr/solr-solrj/3.6.0/solr-solrj-3.6.0.jar:/Users/dkd-doan/.m2/repository/commons-httpclient/commons-httpclient/3.1/commons-httpclient-3.1.jar:/Users/dkd-doan/.m2/repository/commons-logging/commons-logging/1.0.4/commons-logging-1.0.4.jar:/Users/dkd-doan/.m2/repository/org/codehaus/woodstox/wstx-asl/3.2.7/wstx-asl-3.2.7.jar:/Users/dkd-doan/.m2/repository/org/apache/lucene/lucene-core/3.6.0/lucene-core-3.6.0.jar:/Users/dkd-doan/.m2/repository/org/apache/lucene/lucene-analyzers/3.6.0/lucene-analyzers-3.6.0.jar:/Users/dkd-doan/.m2/repository/org/apache/lucene/lucene-highlighter/3.6.0/lucene-highlighter-3.6.0.jar:/Users/dkd-doan/.m2/repository/org/apache/lucene/lucene-kuromoji/3.6.0/lucene-kuromoji-3.6.0.jar:/Users/dkd-doan/.m2/repository/org/apache/lucene/lucene-memory/3.6.0/lucene-memory-3.6.0.jar:/Users/dkd-doan/.m2/repository/org/apache/lucene/lucene-misc/3.6.0/lucene-misc-3.6.0.jar:/Users/dkd-doan/.m2/repository/org/apache/lucene/lucene-phonetic/3.6.0/lucene-phonetic-3.6.0.jar:/Users/dkd-doan/.m2/repository/org/apache/lucene/lucene-queries/3.6.0/lucene-queries-3.6.0.jar:/Users/dkd-doan/.m2/repository/jakarta-regexp/jakarta-regexp/1.4/jakarta-regexp-1.4.jar:/Users/dkd-doan/.m2/repository/org/apache/lucene/lucene-spatial/3.6.0/lucene-spatial-3.6.0.jar:/Users/dkd-doan/.m2/repository/org/apache/lucene/lucene-spellchecker/3.6.0/lucene-spellchecker-3.6.0.jar:/Users/dkd-doan/.m2/repository/org/apache/lucene/lucene-grouping/3.6.0/lucene-grouping-3.6.0.jar:/Users/dkd-doan/.m2/repository/commons-codec/commons-codec/1.6/commons-codec-1.6.jar:/Users/dkd-doan/.m2/repository/commons-fileupload/commons-fileupload/1.2.1/commons-fileupload-1.2.1.jar:/Users/dkd-doan/.m2/repository/org/slf4j/jcl-over-slf4j/1.6.1/jcl-over-slf4j-1.6.1.jar:/Users/dkd-doan/.m2/repository/commons-io/commons-io/2.1/commons-io-2.1.jar:/Users/dkd-doan/.m2/repository/commons-lang/commons-lang/2.6/commons-lang-2.6.jar:/Users/dkd-doan/.m2/repository/com/google/guava/guava/r05/guava-r05.jar:/Users/dkd-doan/.m2/repository/javax/servlet/servlet-api/2.4/servlet-api-2.4.jar:/Users/dkd-doan/Workspaces/maven.1350562440826/solr-typo3-plugin/solr-typo3-common/target/classes:/Users/dkd-doan/.m2/repository/org/apache/commons/commons-lang3/3.1/commons-lang3-3.1.jar:"/>
    <property name="java.specification.name" value="Java Platform API Specification"/>
    <property name="java.class.version" value="50.0"/>
    <property name="sun.management.compiler" value="HotSpot 64-Bit Tiered Compilers"/>
    <property name="os.version" value="10.8.3"/>
    <property name="http.nonProxyHosts" value="local|*.local|169.254/16|*.169.254/16"/>
    <property name="user.home" value="/Users/dkd-doan"/>
    <property name="user.timezone" value=""/>
    <property name="java.awt.printerjob" value="apple.awt.CPrinterJob"/>
    <property name="java.specification.version" value="1.6"/>
    <property name="file.encoding" value="MacRoman"/>
    <property name="user.name" value="dkd-doan"/>
    <property name="java.class.path" value="/Users/dkd-doan/Workspaces/maven.1350562440826/solr-typo3-plugin/solr-typo3-access/target/test-classes:/Users/dkd-doan/Workspaces/maven.1350562440826/solr-typo3-plugin/solr-typo3-access/target/classes:/Users/dkd-doan/.m2/repository/org/slf4j/slf4j-jdk14/1.6.1/slf4j-jdk14-1.6.1.jar:/Users/dkd-doan/.m2/repository/org/slf4j/slf4j-api/1.6.1/slf4j-api-1.6.1.jar:/Users/dkd-doan/.m2/repository/org/apache/solr/solr-test-framework/3.6.0/solr-test-framework-3.6.0.jar:/Users/dkd-doan/.m2/repository/org/apache/lucene/lucene-test-framework/3.6.0/lucene-test-framework-3.6.0.jar:/Users/dkd-doan/.m2/repository/org/apache/ant/ant-junit/1.7.1/ant-junit-1.7.1.jar:/Users/dkd-doan/.m2/repository/org/apache/ant/ant/1.7.1/ant-1.7.1.jar:/Users/dkd-doan/.m2/repository/org/apache/ant/ant-launcher/1.7.1/ant-launcher-1.7.1.jar:/Users/dkd-doan/.m2/repository/junit/junit/4.10/junit-4.10.jar:/Users/dkd-doan/.m2/repository/org/hamcrest/hamcrest-core/1.1/hamcrest-core-1.1.jar:/Users/dkd-doan/.m2/repository/org/apache/solr/solr-core/3.6.0/solr-core-3.6.0.jar:/Users/dkd-doan/.m2/repository/org/apache/solr/solr-solrj/3.6.0/solr-solrj-3.6.0.jar:/Users/dkd-doan/.m2/repository/commons-httpclient/commons-httpclient/3.1/commons-httpclient-3.1.jar:/Users/dkd-doan/.m2/repository/commons-logging/commons-logging/1.0.4/commons-logging-1.0.4.jar:/Users/dkd-doan/.m2/repository/org/codehaus/woodstox/wstx-asl/3.2.7/wstx-asl-3.2.7.jar:/Users/dkd-doan/.m2/repository/org/apache/lucene/lucene-core/3.6.0/lucene-core-3.6.0.jar:/Users/dkd-doan/.m2/repository/org/apache/lucene/lucene-analyzers/3.6.0/lucene-analyzers-3.6.0.jar:/Users/dkd-doan/.m2/repository/org/apache/lucene/lucene-highlighter/3.6.0/lucene-highlighter-3.6.0.jar:/Users/dkd-doan/.m2/repository/org/apache/lucene/lucene-kuromoji/3.6.0/lucene-kuromoji-3.6.0.jar:/Users/dkd-doan/.m2/repository/org/apache/lucene/lucene-memory/3.6.0/lucene-memory-3.6.0.jar:/Users/dkd-doan/.m2/repository/org/apache/lucene/lucene-misc/3.6.0/lucene-misc-3.6.0.jar:/Users/dkd-doan/.m2/repository/org/apache/lucene/lucene-phonetic/3.6.0/lucene-phonetic-3.6.0.jar:/Users/dkd-doan/.m2/repository/org/apache/lucene/lucene-queries/3.6.0/lucene-queries-3.6.0.jar:/Users/dkd-doan/.m2/repository/jakarta-regexp/jakarta-regexp/1.4/jakarta-regexp-1.4.jar:/Users/dkd-doan/.m2/repository/org/apache/lucene/lucene-spatial/3.6.0/lucene-spatial-3.6.0.jar:/Users/dkd-doan/.m2/repository/org/apache/lucene/lucene-spellchecker/3.6.0/lucene-spellchecker-3.6.0.jar:/Users/dkd-doan/.m2/repository/org/apache/lucene/lucene-grouping/3.6.0/lucene-grouping-3.6.0.jar:/Users/dkd-doan/.m2/repository/commons-codec/commons-codec/1.6/commons-codec-1.6.jar:/Users/dkd-doan/.m2/repository/commons-fileupload/commons-fileupload/1.2.1/commons-fileupload-1.2.1.jar:/Users/dkd-doan/.m2/repository/org/slf4j/jcl-over-slf4j/1.6.1/jcl-over-slf4j-1.6.1.jar:/Users/dkd-doan/.m2/repository/commons-io/commons-io/2.1/commons-io-2.1.jar:/Users/dkd-doan/.m2/repository/commons-lang/commons-lang/2.6/commons-lang-2.6.jar:/Users/dkd-doan/.m2/repository/com/google/guava/guava/r05/guava-r05.jar:/Users/dkd-doan/.m2/repository/javax/servlet/servlet-api/2.4/servlet-api-2.4.jar:/Users/dkd-doan/Workspaces/maven.1350562440826/solr-typo3-plugin/solr-typo3-common/target/classes:/Users/dkd-doan/.m2/repository/org/apache/commons/commons-lang3/3.1/commons-lang3-3.1.jar:"/>
    <property name="java.vm.specification.version" value="1.0"/>
    <property name="sun.arch.data.model" value="64"/>
    <property name="java.home" value="/System/Library/Java/JavaVirtualMachines/1.6.0.jdk/Contents/Home"/>
    <property name="sun.java.command" value="/var/folders/h1/mnxfk_717cxb084mbsxkcz8r0000gp/T/surefirebooter2676290661691222801.jar /var/folders/h1/mnxfk_717cxb084mbsxkcz8r0000gp/T/surefire8542000647725658480tmp /var/folders/h1/mnxfk_717cxb084mbsxkcz8r0000gp/T/surefire3776119300695218777tmp"/>
    <property name="java.specification.vendor" value="Sun Microsystems Inc."/>
    <property name="user.language" value="de"/>
    <property name="awt.toolkit" value="apple.awt.CToolkit"/>
    <property name="java.vm.info" value="mixed mode"/>
    <property name="java.version" value="1.6.0_43"/>
    <property name="java.ext.dirs" value="/Library/Java/Extensions:/System/Library/Java/Extensions:/System/Library/Java/JavaVirtualMachines/1.6.0.jdk/Contents/Home/lib/ext"/>
    <property name="sun.boot.class.path" value="/System/Library/Java/JavaVirtualMachines/1.6.0.jdk/Contents/Classes/jsfd.jar:/System/Library/Java/JavaVirtualMachines/1.6.0.jdk/Contents/Classes/classes.jar:/System/Library/Frameworks/JavaVM.framework/Frameworks/JavaRuntimeSupport.framework/Resources/Java/JavaRuntimeSupport.jar:/System/Library/Java/JavaVirtualMachines/1.6.0.jdk/Contents/Classes/ui.jar:/System/Library/Java/JavaVirtualMachines/1.6.0.jdk/Contents/Classes/laf.jar:/System/Library/Java/JavaVirtualMachines/1.6.0.jdk/Contents/Classes/sunrsasign.jar:/System/Library/Java/JavaVirtualMachines/1.6.0.jdk/Contents/Classes/jsse.jar:/System/Library/Java/JavaVirtualMachines/1.6.0.jdk/Contents/Classes/jce.jar:/System/Library/Java/JavaVirtualMachines/1.6.0.jdk/Contents/Classes/charsets.jar"/>
    <property name="java.vendor" value="Apple Inc."/>
    <property name="localRepository" value="/Users/dkd-doan/.m2/repository"/>
    <property name="file.separator" value="/"/>
    <property name="java.vendor.url.bug" value="http://bugreport.apple.com/"/>
    <property name="sun.cpu.endian" value="little"/>
    <property name="sun.io.unicode.encoding" value="UnicodeLittle"/>
    <property name="mrj.version" value="1070.1.6.0_43-447"/>
    <property name="socksNonProxyHosts" value="local|*.local|169.254/16|*.169.254/16"/>
    <property name="ftp.nonProxyHosts" value="local|*.local|169.254/16|*.169.254/16"/>
    <property name="sun.cpu.isalist" value=""/>
  </properties>
  <testcase time="0.013" classname="org.typo3.solr.search.AccessFilterWithAccessRootlineTest" name="testAccessFilterFindsOnlyPublicDocumentsWhenNotLoggedIn"/>
  <testcase time="0.004" classname="org.typo3.solr.search.AccessFilterWithAccessRootlineTest" name="testAccessFilterFindsDocumentsAllowedForGroup1"/>
  <testcase time="0.004" classname="org.typo3.solr.search.AccessFilterWithAccessRootlineTest" name="testAccessFilterFiltersDocumentsWithInsufficientAccess"/>
  <testcase time="0.004" classname="org.typo3.solr.search.AccessFilterWithAccessRootlineTest" name="testAccessFilterFindsDocumentsAllowedForGroup1And2"/>
  <testcase time="0.004" classname="org.typo3.solr.search.AccessFilterWithAccessRootlineTest" name="testAccessFilterFindsDocumentsAllowedForGroup1And3"/>
  <testcase time="0.004" classname="org.typo3.solr.search.AccessFilterWithAccessRootlineTest" name="testAccessFilterFindsDocumentsRequiringAccessForGroup1And2And3"/>
  <testcase time="0.007" classname="org.typo3.solr.search.AccessFilterWithAccessRootlineTest" name="testAccessFilterFindsRecordDocumentsRequiringAccessForAtLeastGroup1"/>
  <testcase time="0.006" classname="org.typo3.solr.search.AccessFilterWithAccessRootlineTest" name="testAccessFilterFindsOnlyPublicRecordDocumentsWhenNotLoggedIn"/>
</testsuite>