<?xml version="1.0" encoding="UTF-8" ?>
<testsuite failures="0" time="0.068" errors="0" skipped="0" tests="3" name="org.typo3.common.lang.StringUtilsTest">
  <properties>
    <property name="java.runtime.name" value="Java(TM) SE Runtime Environment"/>
    <property name="sun.boot.library.path" value="/System/Library/Java/JavaVirtualMachines/1.6.0.jdk/Contents/Libraries"/>
    <property name="java.vm.version" value="20.12-b01-434"/>
    <property name="awt.nativeDoubleBuffering" value="true"/>
    <property name="gopherProxySet" value="false"/>
    <property name="mrj.build" value="11M3909"/>
    <property name="java.vm.vendor" value="Apple Inc."/>
    <property name="java.vendor.url" value="http://www.apple.com/"/>
    <property name="path.separator" value=":"/>
    <property name="java.vm.name" value="Java HotSpot(TM) 64-Bit Server VM"/>
    <property name="file.encoding.pkg" value="sun.io"/>
    <property name="user.country" value="DE"/>
    <property name="sun.java.launcher" value="SUN_STANDARD"/>
    <property name="sun.os.patch.level" value="unknown"/>
    <property name="java.vm.specification.name" value="Java Virtual Machine Specification"/>
    <property name="user.dir" value="/Users/dkd-doan/Workspaces/maven.1350562440826/solr-typo3-plugin/solr-typo3-common"/>
    <property name="java.runtime.version" value="1.6.0_37-b06-434-11M3909"/>
    <property name="java.awt.graphicsenv" value="apple.awt.CGraphicsEnvironment"/>
    <property name="basedir" value="/Users/dkd-doan/Workspaces/maven.1350562440826/solr-typo3-plugin/solr-typo3-common"/>
    <property name="java.endorsed.dirs" value="/System/Library/Java/JavaVirtualMachines/1.6.0.jdk/Contents/Home/lib/endorsed"/>
    <property name="os.arch" value="x86_64"/>
    <property name="surefire.real.class.path" value="/var/folders/h1/mnxfk_717cxb084mbsxkcz8r0000gp/T/surefirebooter7203559984895260898.jar"/>
    <property name="java.io.tmpdir" value="/var/folders/h1/mnxfk_717cxb084mbsxkcz8r0000gp/T/"/>
    <property name="line.separator" value="
"/>
    <property name="java.vm.specification.vendor" value="Sun Microsystems Inc."/>
    <property name="os.name" value="Mac OS X"/>
    <property name="sun.jnu.encoding" value="MacRoman"/>
    <property name="java.library.path" value=".:/Library/Java/Extensions:/System/Library/Java/Extensions:/usr/lib/java"/>
    <property name="surefire.test.class.path" value="/Users/dkd-doan/Workspaces/maven.1350562440826/solr-typo3-plugin/solr-typo3-common/target/test-classes:/Users/dkd-doan/Workspaces/maven.1350562440826/solr-typo3-plugin/solr-typo3-common/target/classes:/Users/dkd-doan/.m2/repository/org/slf4j/slf4j-jdk14/1.6.1/slf4j-jdk14-1.6.1.jar:/Users/dkd-doan/.m2/repository/org/slf4j/slf4j-api/1.6.1/slf4j-api-1.6.1.jar:/Users/dkd-doan/.m2/repository/org/apache/solr/solr-test-framework/4.0.0-BETA/solr-test-framework-4.0.0-BETA.jar:/Users/dkd-doan/.m2/repository/org/apache/lucene/lucene-test-framework/4.0.0-BETA/lucene-test-framework-4.0.0-BETA.jar:/Users/dkd-doan/.m2/repository/org/apache/lucene/lucene-core/4.0.0-BETA/lucene-core-4.0.0-BETA.jar:/Users/dkd-doan/.m2/repository/org/apache/ant/ant-junit/1.8.2/ant-junit-1.8.2.jar:/Users/dkd-doan/.m2/repository/org/apache/ant/ant/1.8.2/ant-1.8.2.jar:/Users/dkd-doan/.m2/repository/org/apache/ant/ant-launcher/1.8.2/ant-launcher-1.8.2.jar:/Users/dkd-doan/.m2/repository/com/carrotsearch/randomizedtesting/randomizedtesting-runner/1.6.0/randomizedtesting-runner-1.6.0.jar:/Users/dkd-doan/.m2/repository/org/apache/solr/solr-core/4.0.0-BETA/solr-core-4.0.0-BETA.jar:/Users/dkd-doan/.m2/repository/org/apache/solr/solr-solrj/4.0.0-BETA/solr-solrj-4.0.0-BETA.jar:/Users/dkd-doan/.m2/repository/org/apache/zookeeper/zookeeper/3.3.6/zookeeper-3.3.6.jar:/Users/dkd-doan/.m2/repository/org/apache/lucene/lucene-analyzers-common/4.0.0-BETA/lucene-analyzers-common-4.0.0-BETA.jar:/Users/dkd-doan/.m2/repository/org/apache/lucene/lucene-analyzers-kuromoji/4.0.0-BETA/lucene-analyzers-kuromoji-4.0.0-BETA.jar:/Users/dkd-doan/.m2/repository/org/apache/lucene/lucene-analyzers-morfologik/4.0.0-BETA/lucene-analyzers-morfologik-4.0.0-BETA.jar:/Users/dkd-doan/.m2/repository/org/carrot2/morfologik-polish/1.5.3/morfologik-polish-1.5.3.jar:/Users/dkd-doan/.m2/repository/org/carrot2/morfologik-stemming/1.5.3/morfologik-stemming-1.5.3.jar:/Users/dkd-doan/.m2/repository/org/carrot2/morfologik-fsa/1.5.3/morfologik-fsa-1.5.3.jar:/Users/dkd-doan/.m2/repository/org/apache/lucene/lucene-analyzers-phonetic/4.0.0-BETA/lucene-analyzers-phonetic-4.0.0-BETA.jar:/Users/dkd-doan/.m2/repository/org/apache/lucene/lucene-highlighter/4.0.0-BETA/lucene-highlighter-4.0.0-BETA.jar:/Users/dkd-doan/.m2/repository/org/apache/lucene/lucene-memory/4.0.0-BETA/lucene-memory-4.0.0-BETA.jar:/Users/dkd-doan/.m2/repository/org/apache/lucene/lucene-misc/4.0.0-BETA/lucene-misc-4.0.0-BETA.jar:/Users/dkd-doan/.m2/repository/org/apache/lucene/lucene-queryparser/4.0.0-BETA/lucene-queryparser-4.0.0-BETA.jar:/Users/dkd-doan/.m2/repository/org/apache/lucene/lucene-spatial/4.0.0-BETA/lucene-spatial-4.0.0-BETA.jar:/Users/dkd-doan/.m2/repository/com/spatial4j/spatial4j/0.2/spatial4j-0.2.jar:/Users/dkd-doan/.m2/repository/org/apache/lucene/lucene-suggest/4.0.0-BETA/lucene-suggest-4.0.0-BETA.jar:/Users/dkd-doan/.m2/repository/org/apache/lucene/lucene-grouping/4.0.0-BETA/lucene-grouping-4.0.0-BETA.jar:/Users/dkd-doan/.m2/repository/org/apache/lucene/lucene-queries/4.0.0-BETA/lucene-queries-4.0.0-BETA.jar:/Users/dkd-doan/.m2/repository/commons-codec/commons-codec/1.6/commons-codec-1.6.jar:/Users/dkd-doan/.m2/repository/commons-cli/commons-cli/1.2/commons-cli-1.2.jar:/Users/dkd-doan/.m2/repository/commons-fileupload/commons-fileupload/1.2.1/commons-fileupload-1.2.1.jar:/Users/dkd-doan/.m2/repository/org/apache/httpcomponents/httpmime/4.1.3/httpmime-4.1.3.jar:/Users/dkd-doan/.m2/repository/org/apache/httpcomponents/httpcore/4.1.4/httpcore-4.1.4.jar:/Users/dkd-doan/.m2/repository/commons-logging/commons-logging/1.1.1/commons-logging-1.1.1.jar:/Users/dkd-doan/.m2/repository/org/slf4j/jcl-over-slf4j/1.6.4/jcl-over-slf4j-1.6.4.jar:/Users/dkd-doan/.m2/repository/commons-io/commons-io/2.1/commons-io-2.1.jar:/Users/dkd-doan/.m2/repository/commons-lang/commons-lang/2.6/commons-lang-2.6.jar:/Users/dkd-doan/.m2/repository/com/google/guava/guava/r05/guava-r05.jar:/Users/dkd-doan/.m2/repository/org/codehaus/woodstox/wstx-asl/3.2.7/wstx-asl-3.2.7.jar:/Users/dkd-doan/.m2/repository/org/apache/httpcomponents/httpclient/4.1.3/httpclient-4.1.3.jar:/Users/dkd-doan/.m2/repository/junit/junit/4.10/junit-4.10.jar:/Users/dkd-doan/.m2/repository/org/hamcrest/hamcrest-core/1.1/hamcrest-core-1.1.jar:/Users/dkd-doan/.m2/repository/org/eclipse/jetty/jetty-server/8.1.2.v20120308/jetty-server-8.1.2.v20120308.jar:/Users/dkd-doan/.m2/repository/org/eclipse/jetty/orbit/javax.servlet/3.0.0.v201112011016/javax.servlet-3.0.0.v201112011016.jar:/Users/dkd-doan/.m2/repository/org/eclipse/jetty/jetty-continuation/8.1.2.v20120308/jetty-continuation-8.1.2.v20120308.jar:/Users/dkd-doan/.m2/repository/org/eclipse/jetty/jetty-http/8.1.2.v20120308/jetty-http-8.1.2.v20120308.jar:/Users/dkd-doan/.m2/repository/org/eclipse/jetty/jetty-io/8.1.2.v20120308/jetty-io-8.1.2.v20120308.jar:/Users/dkd-doan/.m2/repository/org/eclipse/jetty/jetty-util/8.1.2.v20120308/jetty-util-8.1.2.v20120308.jar:/Users/dkd-doan/.m2/repository/org/eclipse/jetty/jetty-webapp/8.1.2.v20120308/jetty-webapp-8.1.2.v20120308.jar:/Users/dkd-doan/.m2/repository/org/eclipse/jetty/jetty-xml/8.1.2.v20120308/jetty-xml-8.1.2.v20120308.jar:/Users/dkd-doan/.m2/repository/org/eclipse/jetty/jetty-servlet/8.1.2.v20120308/jetty-servlet-8.1.2.v20120308.jar:/Users/dkd-doan/.m2/repository/org/eclipse/jetty/jetty-security/8.1.2.v20120308/jetty-security-8.1.2.v20120308.jar:/Users/dkd-doan/.m2/repository/org/apache/commons/commons-lang3/3.1/commons-lang3-3.1.jar:"/>
    <property name="java.specification.name" value="Java Platform API Specification"/>
    <property name="java.class.version" value="50.0"/>
    <property name="sun.management.compiler" value="HotSpot 64-Bit Tiered Compilers"/>
    <property name="os.version" value="10.8.2"/>
    <property name="http.nonProxyHosts" value="local|*.local|169.254/16|*.169.254/16"/>
    <property name="user.home" value="/Users/dkd-doan"/>
    <property name="user.timezone" value=""/>
    <property name="java.awt.printerjob" value="apple.awt.CPrinterJob"/>
    <property name="java.specification.version" value="1.6"/>
    <property name="file.encoding" value="MacRoman"/>
    <property name="user.name" value="dkd-doan"/>
    <property name="java.class.path" value="/Users/dkd-doan/Workspaces/maven.1350562440826/solr-typo3-plugin/solr-typo3-common/target/test-classes:/Users/dkd-doan/Workspaces/maven.1350562440826/solr-typo3-plugin/solr-typo3-common/target/classes:/Users/dkd-doan/.m2/repository/org/slf4j/slf4j-jdk14/1.6.1/slf4j-jdk14-1.6.1.jar:/Users/dkd-doan/.m2/repository/org/slf4j/slf4j-api/1.6.1/slf4j-api-1.6.1.jar:/Users/dkd-doan/.m2/repository/org/apache/solr/solr-test-framework/4.0.0-BETA/solr-test-framework-4.0.0-BETA.jar:/Users/dkd-doan/.m2/repository/org/apache/lucene/lucene-test-framework/4.0.0-BETA/lucene-test-framework-4.0.0-BETA.jar:/Users/dkd-doan/.m2/repository/org/apache/lucene/lucene-core/4.0.0-BETA/lucene-core-4.0.0-BETA.jar:/Users/dkd-doan/.m2/repository/org/apache/ant/ant-junit/1.8.2/ant-junit-1.8.2.jar:/Users/dkd-doan/.m2/repository/org/apache/ant/ant/1.8.2/ant-1.8.2.jar:/Users/dkd-doan/.m2/repository/org/apache/ant/ant-launcher/1.8.2/ant-launcher-1.8.2.jar:/Users/dkd-doan/.m2/repository/com/carrotsearch/randomizedtesting/randomizedtesting-runner/1.6.0/randomizedtesting-runner-1.6.0.jar:/Users/dkd-doan/.m2/repository/org/apache/solr/solr-core/4.0.0-BETA/solr-core-4.0.0-BETA.jar:/Users/dkd-doan/.m2/repository/org/apache/solr/solr-solrj/4.0.0-BETA/solr-solrj-4.0.0-BETA.jar:/Users/dkd-doan/.m2/repository/org/apache/zookeeper/zookeeper/3.3.6/zookeeper-3.3.6.jar:/Users/dkd-doan/.m2/repository/org/apache/lucene/lucene-analyzers-common/4.0.0-BETA/lucene-analyzers-common-4.0.0-BETA.jar:/Users/dkd-doan/.m2/repository/org/apache/lucene/lucene-analyzers-kuromoji/4.0.0-BETA/lucene-analyzers-kuromoji-4.0.0-BETA.jar:/Users/dkd-doan/.m2/repository/org/apache/lucene/lucene-analyzers-morfologik/4.0.0-BETA/lucene-analyzers-morfologik-4.0.0-BETA.jar:/Users/dkd-doan/.m2/repository/org/carrot2/morfologik-polish/1.5.3/morfologik-polish-1.5.3.jar:/Users/dkd-doan/.m2/repository/org/carrot2/morfologik-stemming/1.5.3/morfologik-stemming-1.5.3.jar:/Users/dkd-doan/.m2/repository/org/carrot2/morfologik-fsa/1.5.3/morfologik-fsa-1.5.3.jar:/Users/dkd-doan/.m2/repository/org/apache/lucene/lucene-analyzers-phonetic/4.0.0-BETA/lucene-analyzers-phonetic-4.0.0-BETA.jar:/Users/dkd-doan/.m2/repository/org/apache/lucene/lucene-highlighter/4.0.0-BETA/lucene-highlighter-4.0.0-BETA.jar:/Users/dkd-doan/.m2/repository/org/apache/lucene/lucene-memory/4.0.0-BETA/lucene-memory-4.0.0-BETA.jar:/Users/dkd-doan/.m2/repository/org/apache/lucene/lucene-misc/4.0.0-BETA/lucene-misc-4.0.0-BETA.jar:/Users/dkd-doan/.m2/repository/org/apache/lucene/lucene-queryparser/4.0.0-BETA/lucene-queryparser-4.0.0-BETA.jar:/Users/dkd-doan/.m2/repository/org/apache/lucene/lucene-spatial/4.0.0-BETA/lucene-spatial-4.0.0-BETA.jar:/Users/dkd-doan/.m2/repository/com/spatial4j/spatial4j/0.2/spatial4j-0.2.jar:/Users/dkd-doan/.m2/repository/org/apache/lucene/lucene-suggest/4.0.0-BETA/lucene-suggest-4.0.0-BETA.jar:/Users/dkd-doan/.m2/repository/org/apache/lucene/lucene-grouping/4.0.0-BETA/lucene-grouping-4.0.0-BETA.jar:/Users/dkd-doan/.m2/repository/org/apache/lucene/lucene-queries/4.0.0-BETA/lucene-queries-4.0.0-BETA.jar:/Users/dkd-doan/.m2/repository/commons-codec/commons-codec/1.6/commons-codec-1.6.jar:/Users/dkd-doan/.m2/repository/commons-cli/commons-cli/1.2/commons-cli-1.2.jar:/Users/dkd-doan/.m2/repository/commons-fileupload/commons-fileupload/1.2.1/commons-fileupload-1.2.1.jar:/Users/dkd-doan/.m2/repository/org/apache/httpcomponents/httpmime/4.1.3/httpmime-4.1.3.jar:/Users/dkd-doan/.m2/repository/org/apache/httpcomponents/httpcore/4.1.4/httpcore-4.1.4.jar:/Users/dkd-doan/.m2/repository/commons-logging/commons-logging/1.1.1/commons-logging-1.1.1.jar:/Users/dkd-doan/.m2/repository/org/slf4j/jcl-over-slf4j/1.6.4/jcl-over-slf4j-1.6.4.jar:/Users/dkd-doan/.m2/repository/commons-io/commons-io/2.1/commons-io-2.1.jar:/Users/dkd-doan/.m2/repository/commons-lang/commons-lang/2.6/commons-lang-2.6.jar:/Users/dkd-doan/.m2/repository/com/google/guava/guava/r05/guava-r05.jar:/Users/dkd-doan/.m2/repository/org/codehaus/woodstox/wstx-asl/3.2.7/wstx-asl-3.2.7.jar:/Users/dkd-doan/.m2/repository/org/apache/httpcomponents/httpclient/4.1.3/httpclient-4.1.3.jar:/Users/dkd-doan/.m2/repository/junit/junit/4.10/junit-4.10.jar:/Users/dkd-doan/.m2/repository/org/hamcrest/hamcrest-core/1.1/hamcrest-core-1.1.jar:/Users/dkd-doan/.m2/repository/org/eclipse/jetty/jetty-server/8.1.2.v20120308/jetty-server-8.1.2.v20120308.jar:/Users/dkd-doan/.m2/repository/org/eclipse/jetty/orbit/javax.servlet/3.0.0.v201112011016/javax.servlet-3.0.0.v201112011016.jar:/Users/dkd-doan/.m2/repository/org/eclipse/jetty/jetty-continuation/8.1.2.v20120308/jetty-continuation-8.1.2.v20120308.jar:/Users/dkd-doan/.m2/repository/org/eclipse/jetty/jetty-http/8.1.2.v20120308/jetty-http-8.1.2.v20120308.jar:/Users/dkd-doan/.m2/repository/org/eclipse/jetty/jetty-io/8.1.2.v20120308/jetty-io-8.1.2.v20120308.jar:/Users/dkd-doan/.m2/repository/org/eclipse/jetty/jetty-util/8.1.2.v20120308/jetty-util-8.1.2.v20120308.jar:/Users/dkd-doan/.m2/repository/org/eclipse/jetty/jetty-webapp/8.1.2.v20120308/jetty-webapp-8.1.2.v20120308.jar:/Users/dkd-doan/.m2/repository/org/eclipse/jetty/jetty-xml/8.1.2.v20120308/jetty-xml-8.1.2.v20120308.jar:/Users/dkd-doan/.m2/repository/org/eclipse/jetty/jetty-servlet/8.1.2.v20120308/jetty-servlet-8.1.2.v20120308.jar:/Users/dkd-doan/.m2/repository/org/eclipse/jetty/jetty-security/8.1.2.v20120308/jetty-security-8.1.2.v20120308.jar:/Users/dkd-doan/.m2/repository/org/apache/commons/commons-lang3/3.1/commons-lang3-3.1.jar:"/>
    <property name="java.vm.specification.version" value="1.0"/>
    <property name="sun.arch.data.model" value="64"/>
    <property name="java.home" value="/System/Library/Java/JavaVirtualMachines/1.6.0.jdk/Contents/Home"/>
    <property name="sun.java.command" value="/var/folders/h1/mnxfk_717cxb084mbsxkcz8r0000gp/T/surefirebooter7203559984895260898.jar /var/folders/h1/mnxfk_717cxb084mbsxkcz8r0000gp/T/surefire7004316425075471589tmp /var/folders/h1/mnxfk_717cxb084mbsxkcz8r0000gp/T/surefire2311450890289322515tmp"/>
    <property name="java.specification.vendor" value="Sun Microsystems Inc."/>
    <property name="user.language" value="de"/>
    <property name="awt.toolkit" value="apple.awt.CToolkit"/>
    <property name="java.vm.info" value="mixed mode"/>
    <property name="java.version" value="1.6.0_37"/>
    <property name="java.ext.dirs" value="/Library/Java/Extensions:/System/Library/Java/Extensions:/System/Library/Java/JavaVirtualMachines/1.6.0.jdk/Contents/Home/lib/ext"/>
    <property name="sun.boot.class.path" value="/System/Library/Java/JavaVirtualMachines/1.6.0.jdk/Contents/Classes/jsfd.jar:/System/Library/Java/JavaVirtualMachines/1.6.0.jdk/Contents/Classes/classes.jar:/System/Library/Frameworks/JavaVM.framework/Frameworks/JavaRuntimeSupport.framework/Resources/Java/JavaRuntimeSupport.jar:/System/Library/Java/JavaVirtualMachines/1.6.0.jdk/Contents/Classes/ui.jar:/System/Library/Java/JavaVirtualMachines/1.6.0.jdk/Contents/Classes/laf.jar:/System/Library/Java/JavaVirtualMachines/1.6.0.jdk/Contents/Classes/sunrsasign.jar:/System/Library/Java/JavaVirtualMachines/1.6.0.jdk/Contents/Classes/jsse.jar:/System/Library/Java/JavaVirtualMachines/1.6.0.jdk/Contents/Classes/jce.jar:/System/Library/Java/JavaVirtualMachines/1.6.0.jdk/Contents/Classes/charsets.jar"/>
    <property name="java.vendor" value="Apple Inc."/>
    <property name="localRepository" value="/Users/dkd-doan/.m2/repository"/>
    <property name="file.separator" value="/"/>
    <property name="java.vendor.url.bug" value="http://bugreport.apple.com/"/>
    <property name="sun.cpu.endian" value="little"/>
    <property name="sun.io.unicode.encoding" value="UnicodeLittle"/>
    <property name="mrj.version" value="1070.1.6.0_37-434"/>
    <property name="socksNonProxyHosts" value="local|*.local|169.254/16|*.169.254/16"/>
    <property name="ftp.nonProxyHosts" value="local|*.local|169.254/16|*.169.254/16"/>
    <property name="sun.cpu.isalist" value=""/>
  </properties>
  <testcase time="0.012" classname="org.typo3.common.lang.StringUtilsTest" name="testImplodeCorrectlyImplodesCollections"/>
  <testcase time="0.001" classname="org.typo3.common.lang.StringUtilsTest" name="testExplodeCorrectlyExplodesStringsToStringArrays"/>
  <testcase time="0.001" classname="org.typo3.common.lang.StringUtilsTest" name="testCommaSeparatedListToIntegerHashSetCreatesCorrectHashSets"/>
</testsuite>